\BOOKMARK [0][]{section*.1}{Dedication}{}% 1
\BOOKMARK [0][]{section*.2}{Acknowledgments}{}% 2
\BOOKMARK [0][]{section*.3}{Abstract}{}% 3
\BOOKMARK [0][]{viii.0}{Table of Contents}{}% 4
\BOOKMARK [0][]{section*.5}{List of Figures}{}% 5
\BOOKMARK [0][]{section*.6}{List of Tables}{}% 6
\BOOKMARK [0][]{section*.7}{List of Abbreviations}{}% 7
\BOOKMARK [0][]{section*.8}{List of Symbols}{}% 8
\BOOKMARK [0][]{chapter.1}{Introduction}{}% 9
\BOOKMARK [1][]{section.1.1}{Paradigm shift in developing cfd software}{chapter.1}% 10
\BOOKMARK [1][]{section.1.2}{Enabling new science}{chapter.1}% 11
\BOOKMARK [1][]{section.1.3}{Building on FLASH }{chapter.1}% 12
\BOOKMARK [1][]{section.1.4}{Introducing new capabilities}{chapter.1}% 13
\BOOKMARK [1][]{section.1.5}{Thesis outline}{chapter.1}% 14
\BOOKMARK [0][]{chapter.2}{Problem formulation}{}% 15
\BOOKMARK [1][]{section.2.1}{Literature review}{chapter.2}% 16
\BOOKMARK [1][]{section.2.2}{Governing equations}{chapter.2}% 17
\BOOKMARK [1][]{section.2.3}{Representation of fluid-fluid and fluid-solid interfaces}{chapter.2}% 18
\BOOKMARK [1][]{section.2.4}{Discretization of momentum and mass conservation equations}{chapter.2}% 19
\BOOKMARK [1][]{section.2.5}{Discretization of energy equation}{chapter.2}% 20
\BOOKMARK [1][]{section.2.6}{Conjugate heat transfer algorithm}{chapter.2}% 21
\BOOKMARK [1][]{section.2.7}{Mass flux calculation}{chapter.2}% 22
\BOOKMARK [1][]{section.2.8}{Dynamic contact line model}{chapter.2}% 23
\BOOKMARK [1][]{section.2.9}{Domain boundary conditions}{chapter.2}% 24
\BOOKMARK [1][]{section.2.10}{Grid topology}{chapter.2}% 25
\BOOKMARK [0][]{chapter.3}{Verification and validation}{}% 26
\BOOKMARK [1][]{section.3.1}{Flow over a stationary cylinder}{chapter.3}% 27
\BOOKMARK [1][]{section.3.2}{Conjugate heat transfer between cylindrical rings}{chapter.3}% 28
\BOOKMARK [1][]{section.3.3}{Conjugate heat transfer over an obstacle}{chapter.3}% 29
\BOOKMARK [1][]{section.3.4}{Bubble evaporation in superheated liquid}{chapter.3}% 30
\BOOKMARK [1][]{section.3.5}{Film boiling}{chapter.3}% 31
\BOOKMARK [1][]{section.3.6}{Nucleate boiling over a flat heater}{chapter.3}% 32
\BOOKMARK [2][]{subsection.3.6.1}{Validation with experiment}{section.3.6}% 33
\BOOKMARK [2][]{subsection.3.6.2}{Grid independence study for single bubble}{section.3.6}% 34
\BOOKMARK [2][]{subsection.3.6.3}{Nucleate boiling over immersed boundary}{section.3.6}% 35
\BOOKMARK [0][]{chapter.4}{Effects of gravity on pool boiling}{}% 36
\BOOKMARK [1][]{section.4.1}{Computational setup}{chapter.4}% 37
\BOOKMARK [1][]{section.4.2}{Nucleation site distribution}{chapter.4}% 38
\BOOKMARK [1][]{section.4.3}{Validation with experiment}{chapter.4}% 39
\BOOKMARK [1][]{section.4.4}{Fluid flow characteristics}{chapter.4}% 40
\BOOKMARK [1][]{section.4.5}{Turbulent heat flux statistics}{chapter.4}% 41
\BOOKMARK [0][]{chapter.5}{Application to other engineering problems}{}% 42
\BOOKMARK [1][]{section.5.1}{Boiling over patterned heater}{chapter.5}% 43
\BOOKMARK [1][]{section.5.2}{Impinging jet dynamics}{chapter.5}% 44
\BOOKMARK [0][]{chapter.6}{Conclusion}{}% 45
\BOOKMARK [0][]{appendix.A}{Discretization of weno3 operators - 1!UT and 1!Uu}{}% 46
\BOOKMARK [0][]{appendix.B}{Analytical solution for conjugate heat transfer between cylindrical ring}{}% 47
\BOOKMARK [0][]{appendix.C}{Permissions from publisher/coauthor of previous publications}{}% 48
\BOOKMARK [0][]{section*.85}{Bibliography}{}% 49
